0 info it worked if it ends with ok
1 verbose cli [ '/usr/local/bin/node', '/usr/local/bin/npm', 'publish' ]
2 info using npm@3.10.9
3 info using node@v6.9.2
4 verbose publish [ '.' ]
5 silly cache add args [ '.', null ]
6 verbose cache add spec .
7 silly cache add parsed spec Result {
7 silly cache add   raw: '.',
7 silly cache add   scope: null,
7 silly cache add   escapedName: null,
7 silly cache add   name: null,
7 silly cache add   rawSpec: '.',
7 silly cache add   spec: '/Volumes/Mini/Code/nodeJS/commandlines/unsplashpaper',
7 silly cache add   type: 'directory' }
8 verbose addLocalDirectory /Users/rawnly/.npm/splash-cli/1.0.0/package.tgz not in flight; packing
9 verbose correctMkdir /Users/rawnly/.npm correctMkdir not in flight; initializing
10 info lifecycle splash-cli@1.0.0~prepublish: splash-cli@1.0.0
11 silly lifecycle splash-cli@1.0.0~prepublish: no script for prepublish, continuing
12 verbose tar pack [ '/Users/rawnly/.npm/splash-cli/1.0.0/package.tgz',
12 verbose tar pack   '/Volumes/Mini/Code/nodeJS/commandlines/unsplashpaper' ]
13 verbose tarball /Users/rawnly/.npm/splash-cli/1.0.0/package.tgz
14 verbose folder /Volumes/Mini/Code/nodeJS/commandlines/unsplashpaper
15 verbose addLocalTarball adding from inside cache /Users/rawnly/.npm/splash-cli/1.0.0/package.tgz
16 verbose correctMkdir /Users/rawnly/.npm correctMkdir not in flight; initializing
17 silly cache afterAdd splash-cli@1.0.0
18 verbose afterAdd /Users/rawnly/.npm/splash-cli/1.0.0/package/package.json not in flight; writing
19 verbose correctMkdir /Users/rawnly/.npm correctMkdir not in flight; initializing
20 verbose afterAdd /Users/rawnly/.npm/splash-cli/1.0.0/package/package.json written
21 silly publish { name: 'splash-cli',
21 silly publish   version: '1.0.0',
21 silly publish   description: 'Unsplash Wallpapers for your desktop',
21 silly publish   main: 'index.js',
21 silly publish   author:
21 silly publish    { name: 'Federico Vitale',
21 silly publish      email: 'fedevitale99@gmail.com',
21 silly publish      url: 'https://github.com/Rawnly' },
21 silly publish   license: 'MIT',
21 silly publish   dependencies:
21 silly publish    { colors: '^1.1.2',
21 silly publish      ora: '^0.4.0',
21 silly publish      randomstring: '^1.1.5',
21 silly publish      request: '^2.79.0',
21 silly publish      wallpaper: '^2.3.0' },
21 silly publish   bin: { splash: './index.js' },
21 silly publish   readme: '# Splash\nSet your wallpaper with beautiful photos token by [unsplash](http://unsplash.com)\n\n![screen](https://cloud.githubusercontent.com/assets/11269635/21428069/726d08c8-c858-11e6-81b0-f4fdc351ac9a.png)\n> Got the same setup [here](http://github.com/Rawnly/dot-files)\n\n## Installation\n\nTo install `splash-cli` you must use **npm** ( as always ) and do the following:\n\n```bash\n\t$ npm i -g splash-cli\n```\n\n#### Dev Installation\nIf you want improve this module, you can do it!\n\n1. Download the [latest release](https://github.com/Rawnly/splash-cli/releases)\n2. Open your shell and `cd` into project folder\n3. Edit files and whatever you want\n4. Link with `npm link` to test it out\n5. And then `git pull` to improve\n\n## Usage\n![](https://cloud.githubusercontent.com/assets/11269635/21428079/7b24cc80-c858-11e6-8dc3-2e164d23804a.gif)\n> All the photos are stored in the module directory\n\n```bash\n\t$ splash\n    # Start download random photo\n    # and set it as wallpaper\n```\n\n## Options\n### --clean\nClean all `splash-cli` photo caches.\n```bash\n\t$ splash -c \t\t# or --clean\n```\n\n### --path\nGet the `/photos` path.\n```bash\n\t$ splash -p \t\t# or --path\n```\n<br>\n<br>\n<h5 align="center">\nMade with a  ⌨️   in 🇮🇹\n</h5>\n',
21 silly publish   readmeFilename: 'README.md',
21 silly publish   gitHead: '11e2f86e631a77cd59cc8ddd90df2cb6806bcda2',
21 silly publish   _id: 'splash-cli@1.0.0',
21 silly publish   scripts: {},
21 silly publish   _shasum: '3f49801f1fb1bc339393e409694231fc06d053cf',
21 silly publish   _from: '.' }
22 verbose getPublishConfig undefined
23 silly mapToRegistry name splash-cli
24 silly mapToRegistry using default registry
25 silly mapToRegistry registry https://registry.npmjs.org/
26 silly mapToRegistry data Result {
26 silly mapToRegistry   raw: 'splash-cli',
26 silly mapToRegistry   scope: null,
26 silly mapToRegistry   escapedName: 'splash-cli',
26 silly mapToRegistry   name: 'splash-cli',
26 silly mapToRegistry   rawSpec: '',
26 silly mapToRegistry   spec: 'latest',
26 silly mapToRegistry   type: 'tag' }
27 silly mapToRegistry uri https://registry.npmjs.org/splash-cli
28 verbose publish registryBase https://registry.npmjs.org/
29 silly publish uploading /Users/rawnly/.npm/splash-cli/1.0.0/package.tgz
30 verbose request uri https://registry.npmjs.org/splash-cli
31 verbose request sending authorization for write operation
32 info attempt registry request try #1 at 17:39:00
33 verbose request using bearer token for auth
34 verbose request id bef4b5d6f7dac84d
35 http request PUT https://registry.npmjs.org/splash-cli
36 http 403 https://registry.npmjs.org/splash-cli
37 verbose headers { 'content-type': 'application/json',
37 verbose headers   'cache-control': 'max-age=300',
37 verbose headers   'content-length': '95',
37 verbose headers   'accept-ranges': 'bytes',
37 verbose headers   date: 'Thu, 22 Dec 2016 16:39:02 GMT',
37 verbose headers   via: '1.1 varnish',
37 verbose headers   connection: 'keep-alive',
37 verbose headers   'x-served-by': 'cache-ams4133-AMS',
37 verbose headers   'x-cache': 'MISS',
37 verbose headers   'x-cache-hits': '0',
37 verbose headers   'x-timer': 'S1482424741.423010,VS0,VE983',
37 verbose headers   vary: 'Accept-Encoding' }
38 verbose request invalidating /Users/rawnly/.npm/registry.npmjs.org/splash-cli on PUT
39 error publish Failed PUT 403
40 verbose stack Error: "You cannot publish over the previously published version 1.0.0." : splash-cli
40 verbose stack     at makeError (/usr/local/lib/node_modules/npm/node_modules/npm-registry-client/lib/request.js:302:12)
40 verbose stack     at CachingRegistryClient.<anonymous> (/usr/local/lib/node_modules/npm/node_modules/npm-registry-client/lib/request.js:290:14)
40 verbose stack     at Request._callback (/usr/local/lib/node_modules/npm/node_modules/npm-registry-client/lib/request.js:210:14)
40 verbose stack     at Request.self.callback (/usr/local/lib/node_modules/npm/node_modules/request/request.js:187:22)
40 verbose stack     at emitTwo (events.js:106:13)
40 verbose stack     at Request.emit (events.js:191:7)
40 verbose stack     at Request.<anonymous> (/usr/local/lib/node_modules/npm/node_modules/request/request.js:1048:10)
40 verbose stack     at emitOne (events.js:96:13)
40 verbose stack     at Request.emit (events.js:188:7)
40 verbose stack     at IncomingMessage.<anonymous> (/usr/local/lib/node_modules/npm/node_modules/request/request.js:969:12)
41 verbose statusCode 403
42 verbose pkgid splash-cli
43 verbose cwd /Volumes/Mini/Code/nodeJS/commandlines/unsplashpaper
44 error Darwin 16.1.0
45 error argv "/usr/local/bin/node" "/usr/local/bin/npm" "publish"
46 error node v6.9.2
47 error npm  v3.10.9
48 error code E403
49 error "You cannot publish over the previously published version 1.0.0." : splash-cli
50 error If you need help, you may report this error at:
50 error     <https://github.com/npm/npm/issues>
51 verbose exit [ 1, true ]
