Arguments: 
  /opt/homebrew/Cellar/node/17.7.2/bin/node /Users/federicovitale/.node/corepack/yarn/1.22.15/bin/yarn.js global bin

PATH: 
  /opt/homebrew/bin:/opt/homebrew/sbin:/usr/local/bin:/usr/bin:/bin:/usr/sbin:/sbin:/Library/Apple/usr/bin:/Users/federicovitale/.cargo/bin

Yarn version: 
  1.22.15

Node version: 
  17.7.2

Platform: 
  darwin arm64

Trace: 
  Error: Failed to replace env in config: ${GITHUB_TOKEN}
      at /Users/federicovitale/.node/corepack/yarn/1.22.15/lib/cli.js:94928:13
      at String.replace (<anonymous>)
      at envReplace (/Users/federicovitale/.node/corepack/yarn/1.22.15/lib/cli.js:94923:16)
      at Function.normalizeConfig (/Users/federicovitale/.node/corepack/yarn/1.22.15/lib/cli.js:31930:69)
      at NpmRegistry.<anonymous> (/Users/federicovitale/.node/corepack/yarn/1.22.15/lib/cli.js:31960:34)
      at Generator.next (<anonymous>)
      at step (/Users/federicovitale/.node/corepack/yarn/1.22.15/lib/cli.js:310:30)
      at /Users/federicovitale/.node/corepack/yarn/1.22.15/lib/cli.js:321:13

npm manifest: 
  No manifest

yarn manifest: 
  No manifest

Lockfile: 
  No lockfile
